\BOOKMARK [0][-]{chapter*.1}{Agradecimientos}{}% 1
\BOOKMARK [0][-]{chapter*.2}{Resumen}{}% 2
\BOOKMARK [0][-]{chapter*.3}{\315ndice general}{}% 3
\BOOKMARK [0][-]{chapter.1}{Introducci\363n}{}% 4
\BOOKMARK [1][-]{section.1.1}{Motivaci\363n}{chapter.1}% 5
\BOOKMARK [1][-]{section.1.2}{Objetivos del trabajo}{chapter.1}% 6
\BOOKMARK [1][-]{section.1.3}{Estructura de la Tesis}{chapter.1}% 7
\BOOKMARK [0][-]{chapter.2}{Nociones Preliminares}{}% 8
\BOOKMARK [1][-]{section.2.1}{Conceptos financieros elementales}{chapter.2}% 9
\BOOKMARK [2][-]{subsection.2.1.1}{Los tipos de Inter\351s}{section.2.1}% 10
\BOOKMARK [2][-]{subsection.2.1.2}{Tasa libre de riesgo}{section.2.1}% 11
\BOOKMARK [2][-]{subsection.2.1.3}{Productos b\341sicos}{section.2.1}% 12
\BOOKMARK [2][-]{subsection.2.1.4}{Derivados}{section.2.1}% 13
\BOOKMARK [2][-]{subsection.2.1.5}{Mercados financieros}{section.2.1}% 14
\BOOKMARK [2][-]{subsection.2.1.6}{Opciones}{section.2.1}% 15
\BOOKMARK [2][-]{subsection.2.1.7}{Payoff y Ganancia}{section.2.1}% 16
\BOOKMARK [2][-]{subsection.2.1.8}{Estrategias con opciones}{section.2.1}% 17
\BOOKMARK [2][-]{subsection.2.1.9}{Modelo de Black Scholes}{section.2.1}% 18
\BOOKMARK [2][-]{subsection.2.1.10}{F\363rmula de Valoraci\363n de una call europea con Black-Scholes}{section.2.1}% 19
\BOOKMARK [2][-]{subsection.2.1.11}{Volatilidad}{section.2.1}% 20
\BOOKMARK [2][-]{subsection.2.1.12}{Superficie de volatilidad}{section.2.1}% 21
\BOOKMARK [1][-]{section.2.2}{M\351todo de Bisecci\363n}{chapter.2}% 22
\BOOKMARK [1][-]{section.2.3}{M\351todo de Brent}{chapter.2}% 23
\BOOKMARK [1][-]{section.2.4}{Redes neuronales}{chapter.2}% 24
\BOOKMARK [2][-]{subsection.2.4.1}{Perceptr\363n}{section.2.4}% 25
\BOOKMARK [2][-]{subsection.2.4.2}{Redes Feed-Forward}{section.2.4}% 26
\BOOKMARK [2][-]{subsection.2.4.3}{Aprendizaje por Descenso por el Gradiente}{section.2.4}% 27
\BOOKMARK [2][-]{subsection.2.4.4}{Funciones de Activaci\363n}{section.2.4}% 28
\BOOKMARK [2][-]{subsection.2.4.5}{Tasa de Aprendizaje}{section.2.4}% 29
\BOOKMARK [1][-]{section.2.5}{K-fold cross validation}{chapter.2}% 30
\BOOKMARK [0][-]{chapter.3}{Implicancias de la volatilidad impl\355cita}{}% 31
\BOOKMARK [1][-]{section.3.1}{Superficie de Volatilidad para valorar opciones}{chapter.3}% 32
\BOOKMARK [1][-]{section.3.2}{Estrategias dependiendo de la volatilidad impl\355cita}{chapter.3}% 33
\BOOKMARK [2][-]{subsection.3.2.1}{Backspread}{section.3.2}% 34
\BOOKMARK [2][-]{subsection.3.2.2}{Long Straddle y Long Strangle}{section.3.2}% 35
\BOOKMARK [2][-]{subsection.3.2.3}{Long Butterfly Spread}{section.3.2}% 36
\BOOKMARK [0][-]{chapter.4}{Implementaci\363n n\372merica del m\351todo de Bisecci\363n y de Brent}{}% 37
\BOOKMARK [1][-]{section.4.1}{Introducci\363n}{chapter.4}% 38
\BOOKMARK [1][-]{section.4.2}{Implementaci\363n de los m\351todos num\351ricos}{chapter.4}% 39
\BOOKMARK [2][-]{subsection.4.2.1}{Intervalo inicial para el m\351todo de bisecci\363n y de Brent}{section.4.2}% 40
\BOOKMARK [2][-]{subsection.4.2.2}{Aplicaci\363n del M\351todo de Bisecci\363n}{section.4.2}% 41
\BOOKMARK [2][-]{subsection.4.2.3}{Aplicaci\363n del M\351todo de Brent}{section.4.2}% 42
\BOOKMARK [0][-]{chapter.5}{Implementaci\363n con Red Neuronal Feed-Forward}{}% 43
\BOOKMARK [1][-]{section.5.1}{C\341lculo de prima de opci\363n call usando S/K}{chapter.5}% 44
\BOOKMARK [1][-]{section.5.2}{Generaci\363n de muestra}{chapter.5}% 45
\BOOKMARK [1][-]{section.5.3}{k-fold cross validation}{chapter.5}% 46
\BOOKMARK [1][-]{section.5.4}{Optimizaci\363n}{chapter.5}% 47
\BOOKMARK [0][-]{chapter.6}{Resultados}{}% 48
\BOOKMARK [1][-]{section.6.1}{Primera Red}{chapter.6}% 49
\BOOKMARK [1][-]{section.6.2}{Optimizaci\363n}{chapter.6}% 50
\BOOKMARK [2][-]{subsection.6.2.1}{Cambio en funci\363n de decrecimiento de la Tasa de Aprendizaje}{section.6.2}% 51
\BOOKMARK [1][-]{section.6.3}{M\351todos Num\351ricos}{chapter.6}% 52
\BOOKMARK [2][-]{subsection.6.3.1}{Problemas Num\351ricos}{section.6.3}% 53
\BOOKMARK [2][-]{subsection.6.3.2}{Precisi\363n M\351todos Num\351ricos}{section.6.3}% 54
\BOOKMARK [1][-]{section.6.4}{Tiempo de Ejecuci\363n y Robustez}{chapter.6}% 55
\BOOKMARK [0][-]{chapter.7}{Conclusiones}{}% 56
\BOOKMARK [0][-]{chapter*.14}{Bibliograf\355a}{}% 57
